mode: set
github.com/mosesgameli/ztvs/internal/policy/policy.go:27.38,32.2 1 1
github.com/mosesgameli/ztvs/internal/policy/policy.go:36.83,37.32 1 1
github.com/mosesgameli/ztvs/internal/policy/policy.go:37.32,39.49 1 1
github.com/mosesgameli/ztvs/internal/policy/policy.go:39.49,40.22 1 1
github.com/mosesgameli/ztvs/internal/policy/policy.go:40.22,42.5 1 1
github.com/mosesgameli/ztvs/internal/policy/policy.go:46.3,46.37 1 1
github.com/mosesgameli/ztvs/internal/policy/policy.go:46.37,48.50 2 1
github.com/mosesgameli/ztvs/internal/policy/policy.go:48.50,49.23 1 1
github.com/mosesgameli/ztvs/internal/policy/policy.go:49.23,51.11 2 1
github.com/mosesgameli/ztvs/internal/policy/policy.go:54.4,54.14 1 1
github.com/mosesgameli/ztvs/internal/policy/policy.go:54.14,56.5 1 1
github.com/mosesgameli/ztvs/internal/policy/policy.go:59.2,59.16 1 1
github.com/mosesgameli/ztvs/internal/policy/policy.go:63.45,66.2 2 1
github.com/mosesgameli/ztvs/internal/engine/engine.go:41.57,48.2 1 0
github.com/mosesgameli/ztvs/internal/engine/engine.go:50.77,57.33 4 0
github.com/mosesgameli/ztvs/internal/engine/engine.go:57.33,59.3 1 0
github.com/mosesgameli/ztvs/internal/engine/engine.go:61.2,61.6 1 0
github.com/mosesgameli/ztvs/internal/engine/engine.go:61.6,62.10 1 0
github.com/mosesgameli/ztvs/internal/engine/engine.go:63.21,64.20 1 0
github.com/mosesgameli/ztvs/internal/engine/engine.go:65.19,67.35 2 0
github.com/mosesgameli/ztvs/internal/engine/engine.go:67.35,69.5 1 0
github.com/mosesgameli/ztvs/internal/engine/engine.go:74.31,78.19 3 0
github.com/mosesgameli/ztvs/internal/engine/engine.go:78.19,80.3 1 0
github.com/mosesgameli/ztvs/internal/engine/engine.go:83.2,84.78 2 0
github.com/mosesgameli/ztvs/internal/engine/engine.go:84.78,85.21 1 0
github.com/mosesgameli/ztvs/internal/engine/engine.go:85.21,87.4 1 0
github.com/mosesgameli/ztvs/internal/engine/engine.go:91.2,91.20 1 0
github.com/mosesgameli/ztvs/internal/engine/engine.go:91.20,93.3 1 0
github.com/mosesgameli/ztvs/internal/engine/engine.go:94.2,95.16 2 0
github.com/mosesgameli/ztvs/internal/engine/engine.go:95.16,96.21 1 0
github.com/mosesgameli/ztvs/internal/engine/engine.go:96.21,98.4 1 0
github.com/mosesgameli/ztvs/internal/engine/engine.go:99.3,99.42 1 0
github.com/mosesgameli/ztvs/internal/engine/engine.go:103.2,107.20 3 0
github.com/mosesgameli/ztvs/internal/engine/engine.go:107.20,109.3 1 0
github.com/mosesgameli/ztvs/internal/engine/engine.go:111.2,111.28 1 0
github.com/mosesgameli/ztvs/internal/engine/engine.go:111.28,113.24 2 0
github.com/mosesgameli/ztvs/internal/engine/engine.go:113.24,115.22 2 0
github.com/mosesgameli/ztvs/internal/engine/engine.go:115.22,116.53 1 0
github.com/mosesgameli/ztvs/internal/engine/engine.go:116.53,118.6 1 0
github.com/mosesgameli/ztvs/internal/engine/engine.go:120.4,120.27 1 0
github.com/mosesgameli/ztvs/internal/engine/engine.go:124.2,126.20 2 0
github.com/mosesgameli/ztvs/internal/engine/engine.go:126.20,128.3 1 0
github.com/mosesgameli/ztvs/internal/engine/engine.go:130.2,130.27 1 0
github.com/mosesgameli/ztvs/internal/engine/engine.go:133.70,135.28 2 0
github.com/mosesgameli/ztvs/internal/engine/engine.go:135.28,137.35 2 0
github.com/mosesgameli/ztvs/internal/engine/engine.go:137.35,138.12 1 0
github.com/mosesgameli/ztvs/internal/engine/engine.go:141.3,142.10 2 0
github.com/mosesgameli/ztvs/internal/engine/engine.go:142.10,144.12 2 0
github.com/mosesgameli/ztvs/internal/engine/engine.go:147.3,147.87 1 0
github.com/mosesgameli/ztvs/internal/engine/engine.go:147.87,148.21 1 0
github.com/mosesgameli/ztvs/internal/engine/engine.go:148.21,156.45 6 0
github.com/mosesgameli/ztvs/internal/engine/engine.go:156.45,159.57 2 0
github.com/mosesgameli/ztvs/internal/engine/engine.go:159.57,160.19 1 0
github.com/mosesgameli/ztvs/internal/engine/engine.go:160.19,162.8 1 0
github.com/mosesgameli/ztvs/internal/engine/engine.go:164.6,170.49 3 0
github.com/mosesgameli/ztvs/internal/engine/engine.go:170.49,172.15 2 0
github.com/mosesgameli/ztvs/internal/engine/engine.go:176.6,180.14 4 0
github.com/mosesgameli/ztvs/internal/engine/engine.go:183.4,184.12 2 0
github.com/mosesgameli/ztvs/internal/engine/engine.go:187.3,187.31 1 0
github.com/mosesgameli/ztvs/internal/engine/engine.go:189.2,189.16 1 0
github.com/mosesgameli/ztvs/internal/engine/engine.go:192.60,196.84 2 0
github.com/mosesgameli/ztvs/internal/engine/engine.go:196.84,198.3 1 0
github.com/mosesgameli/ztvs/internal/engine/engine.go:201.2,202.16 2 0
github.com/mosesgameli/ztvs/internal/engine/engine.go:202.16,205.3 2 0
github.com/mosesgameli/ztvs/internal/engine/engine.go:207.2,207.26 1 0
github.com/mosesgameli/ztvs/internal/engine/engine.go:207.26,210.3 2 0
github.com/mosesgameli/ztvs/internal/engine/engine.go:213.2,213.47 1 0
github.com/mosesgameli/ztvs/internal/engine/engine.go:213.47,219.17 4 0
github.com/mosesgameli/ztvs/internal/engine/engine.go:219.17,221.12 2 0
github.com/mosesgameli/ztvs/internal/engine/engine.go:224.3,224.25 1 0
github.com/mosesgameli/ztvs/internal/engine/engine.go:224.25,228.4 3 0
github.com/mosesgameli/ztvs/pkg/registry/lockfile.go:37.41,43.2 1 1
github.com/mosesgameli/ztvs/pkg/registry/lockfile.go:45.51,48.16 3 1
github.com/mosesgameli/ztvs/pkg/registry/lockfile.go:48.16,49.25 1 1
github.com/mosesgameli/ztvs/pkg/registry/lockfile.go:49.25,51.4 1 1
github.com/mosesgameli/ztvs/pkg/registry/lockfile.go:52.3,52.18 1 0
github.com/mosesgameli/ztvs/pkg/registry/lockfile.go:55.2,55.49 1 1
github.com/mosesgameli/ztvs/pkg/registry/lockfile.go:55.49,57.3 1 1
github.com/mosesgameli/ztvs/pkg/registry/lockfile.go:59.2,59.23 1 1
github.com/mosesgameli/ztvs/pkg/registry/lockfile.go:59.23,61.3 1 0
github.com/mosesgameli/ztvs/pkg/registry/lockfile.go:63.2,63.16 1 1
github.com/mosesgameli/ztvs/pkg/registry/lockfile.go:66.34,71.16 4 1
github.com/mosesgameli/ztvs/pkg/registry/lockfile.go:71.16,73.3 1 0
github.com/mosesgameli/ztvs/pkg/registry/lockfile.go:75.2,76.47 2 1
github.com/mosesgameli/ztvs/pkg/registry/lockfile.go:76.47,78.3 1 0
github.com/mosesgameli/ztvs/pkg/registry/lockfile.go:80.2,80.42 1 1
github.com/mosesgameli/ztvs/pkg/registry/lockfile.go:83.57,88.2 4 1
github.com/mosesgameli/ztvs/pkg/registry/lockfile.go:90.54,94.2 3 1
github.com/mosesgameli/ztvs/pkg/registry/lockfile.go:96.48,102.30 4 1
github.com/mosesgameli/ztvs/pkg/registry/lockfile.go:102.30,104.3 1 1
github.com/mosesgameli/ztvs/pkg/registry/lockfile.go:105.2,105.12 1 1
github.com/mosesgameli/ztvs/pkg/registry/lockfile.go:108.41,112.2 3 1
github.com/mosesgameli/ztvs/internal/pluginhost/git.go:24.20,26.2 1 0
github.com/mosesgameli/ztvs/internal/pluginhost/git.go:29.45,30.48 1 0
github.com/mosesgameli/ztvs/internal/pluginhost/git.go:30.48,32.3 1 0
github.com/mosesgameli/ztvs/internal/pluginhost/git.go:34.2,35.53 2 0
github.com/mosesgameli/ztvs/internal/pluginhost/git.go:35.53,37.3 1 0
github.com/mosesgameli/ztvs/internal/pluginhost/git.go:38.2,38.12 1 0
github.com/mosesgameli/ztvs/internal/pluginhost/git.go:42.39,44.53 2 0
github.com/mosesgameli/ztvs/internal/pluginhost/git.go:44.53,46.3 1 0
github.com/mosesgameli/ztvs/internal/pluginhost/git.go:47.2,47.12 1 0
github.com/mosesgameli/ztvs/internal/pluginhost/git.go:51.41,53.2 1 0
github.com/mosesgameli/ztvs/internal/pluginhost/host.go:42.18,63.2 9 1
github.com/mosesgameli/ztvs/internal/pluginhost/host.go:65.64,68.31 2 1
github.com/mosesgameli/ztvs/internal/pluginhost/host.go:68.31,70.17 2 1
github.com/mosesgameli/ztvs/internal/pluginhost/host.go:70.17,71.12 1 0
github.com/mosesgameli/ztvs/internal/pluginhost/host.go:74.3,74.33 1 1
github.com/mosesgameli/ztvs/internal/pluginhost/host.go:74.33,75.21 1 1
github.com/mosesgameli/ztvs/internal/pluginhost/host.go:75.21,82.19 4 1
github.com/mosesgameli/ztvs/internal/pluginhost/host.go:82.19,84.14 1 1
github.com/mosesgameli/ztvs/internal/pluginhost/host.go:88.5,89.40 2 1
github.com/mosesgameli/ztvs/internal/pluginhost/host.go:89.40,90.49 1 0
github.com/mosesgameli/ztvs/internal/pluginhost/host.go:90.49,92.12 2 0
github.com/mosesgameli/ztvs/internal/pluginhost/host.go:95.5,95.18 1 1
github.com/mosesgameli/ztvs/internal/pluginhost/host.go:95.18,96.14 1 0
github.com/mosesgameli/ztvs/internal/pluginhost/host.go:100.5,101.19 2 1
github.com/mosesgameli/ztvs/internal/pluginhost/host.go:101.19,103.14 2 1
github.com/mosesgameli/ztvs/internal/pluginhost/host.go:107.5,108.55 2 1
github.com/mosesgameli/ztvs/internal/pluginhost/host.go:108.55,110.14 2 0
github.com/mosesgameli/ztvs/internal/pluginhost/host.go:114.5,115.54 2 1
github.com/mosesgameli/ztvs/internal/pluginhost/host.go:115.54,117.6 1 0
github.com/mosesgameli/ztvs/internal/pluginhost/host.go:119.5,125.48 2 1
github.com/mosesgameli/ztvs/internal/pluginhost/host.go:130.2,130.24 1 1
github.com/mosesgameli/ztvs/internal/pluginhost/host.go:133.65,135.16 2 1
github.com/mosesgameli/ztvs/internal/pluginhost/host.go:135.16,137.3 1 1
github.com/mosesgameli/ztvs/internal/pluginhost/host.go:139.2,140.49 2 1
github.com/mosesgameli/ztvs/internal/pluginhost/host.go:140.49,142.3 1 1
github.com/mosesgameli/ztvs/internal/pluginhost/host.go:144.2,144.16 1 1
github.com/mosesgameli/ztvs/internal/pluginhost/host.go:147.69,150.2 2 1
github.com/mosesgameli/ztvs/internal/pluginhost/host.go:152.69,154.9 2 1
github.com/mosesgameli/ztvs/internal/pluginhost/host.go:154.9,156.3 1 0
github.com/mosesgameli/ztvs/internal/pluginhost/host.go:157.2,157.28 1 1
github.com/mosesgameli/ztvs/internal/pluginhost/host.go:164.34,166.2 1 1
github.com/mosesgameli/ztvs/internal/pluginhost/host.go:168.46,170.2 1 0
github.com/mosesgameli/ztvs/internal/pluginhost/integrity.go:25.65,27.16 2 1
github.com/mosesgameli/ztvs/internal/pluginhost/integrity.go:27.16,29.3 1 1
github.com/mosesgameli/ztvs/internal/pluginhost/integrity.go:30.2,33.41 3 1
github.com/mosesgameli/ztvs/internal/pluginhost/integrity.go:33.41,35.3 1 0
github.com/mosesgameli/ztvs/internal/pluginhost/integrity.go:37.2,40.68 2 1
github.com/mosesgameli/ztvs/internal/pluginhost/integrity.go:40.68,42.3 1 1
github.com/mosesgameli/ztvs/internal/pluginhost/integrity.go:44.2,44.32 1 1
github.com/mosesgameli/ztvs/internal/pluginhost/integrity.go:44.32,46.3 1 1
github.com/mosesgameli/ztvs/internal/pluginhost/integrity.go:48.2,48.12 1 1
github.com/mosesgameli/ztvs/internal/pluginhost/process.go:26.35,41.2 4 1
github.com/mosesgameli/ztvs/internal/pluginhost/process.go:47.34,61.2 4 1
github.com/mosesgameli/ztvs/internal/pluginhost/process.go:68.9,70.78 1 1
github.com/mosesgameli/ztvs/internal/pluginhost/process.go:70.78,71.72 1 0
github.com/mosesgameli/ztvs/internal/pluginhost/process.go:71.72,73.4 1 0
github.com/mosesgameli/ztvs/internal/pluginhost/process.go:76.2,77.16 2 1
github.com/mosesgameli/ztvs/internal/pluginhost/process.go:77.16,79.3 1 0
github.com/mosesgameli/ztvs/internal/pluginhost/process.go:82.2,83.9 2 1
github.com/mosesgameli/ztvs/internal/pluginhost/process.go:83.9,85.3 1 0
github.com/mosesgameli/ztvs/internal/pluginhost/process.go:87.2,88.16 2 1
github.com/mosesgameli/ztvs/internal/pluginhost/process.go:88.16,89.44 1 0
github.com/mosesgameli/ztvs/internal/pluginhost/process.go:89.44,91.4 1 0
github.com/mosesgameli/ztvs/internal/pluginhost/process.go:92.3,92.62 1 0
github.com/mosesgameli/ztvs/internal/pluginhost/process.go:95.2,96.48 2 1
github.com/mosesgameli/ztvs/internal/pluginhost/process.go:96.48,98.3 1 0
github.com/mosesgameli/ztvs/internal/pluginhost/process.go:100.2,100.20 1 1
github.com/mosesgameli/ztvs/internal/pluginhost/process.go:100.20,102.3 1 1
github.com/mosesgameli/ztvs/internal/pluginhost/process.go:104.2,104.57 1 1
github.com/mosesgameli/ztvs/internal/pluginhost/process.go:104.57,106.3 1 0
github.com/mosesgameli/ztvs/internal/pluginhost/process.go:108.2,108.12 1 1
github.com/mosesgameli/ztvs/internal/pluginhost/registry.go:36.30,41.2 1 0
github.com/mosesgameli/ztvs/internal/pluginhost/registry.go:43.77,48.52 4 1
github.com/mosesgameli/ztvs/internal/pluginhost/registry.go:48.52,50.3 1 0
github.com/mosesgameli/ztvs/internal/pluginhost/registry.go:53.2,54.58 2 1
github.com/mosesgameli/ztvs/internal/pluginhost/registry.go:54.58,57.3 1 0
github.com/mosesgameli/ztvs/internal/pluginhost/registry.go:60.2,62.54 3 1
github.com/mosesgameli/ztvs/internal/pluginhost/registry.go:62.54,65.52 3 1
github.com/mosesgameli/ztvs/internal/pluginhost/registry.go:65.52,67.4 1 1
github.com/mosesgameli/ztvs/internal/pluginhost/registry.go:70.2,70.36 1 1
github.com/mosesgameli/ztvs/internal/pluginhost/registry.go:73.73,75.16 2 1
github.com/mosesgameli/ztvs/internal/pluginhost/registry.go:75.16,77.3 1 0
github.com/mosesgameli/ztvs/internal/pluginhost/registry.go:79.2,80.51 2 1
github.com/mosesgameli/ztvs/internal/pluginhost/registry.go:80.51,82.3 1 0
github.com/mosesgameli/ztvs/internal/pluginhost/registry.go:83.2,83.18 1 1
github.com/mosesgameli/ztvs/internal/pluginhost/registry.go:86.97,88.16 2 0
github.com/mosesgameli/ztvs/internal/pluginhost/registry.go:88.16,90.3 1 0
github.com/mosesgameli/ztvs/internal/pluginhost/registry.go:92.2,94.32 3 0
github.com/mosesgameli/ztvs/internal/pluginhost/registry.go:94.32,95.55 1 0
github.com/mosesgameli/ztvs/internal/pluginhost/registry.go:95.55,97.4 1 0
github.com/mosesgameli/ztvs/internal/pluginhost/registry.go:99.2,99.21 1 0
github.com/mosesgameli/ztvs/internal/pluginhost/registry.go:102.96,104.16 2 0
github.com/mosesgameli/ztvs/internal/pluginhost/registry.go:104.16,106.3 1 0
github.com/mosesgameli/ztvs/internal/pluginhost/registry.go:108.2,108.32 1 0
github.com/mosesgameli/ztvs/internal/pluginhost/registry.go:108.32,109.21 1 0
github.com/mosesgameli/ztvs/internal/pluginhost/registry.go:109.21,111.4 1 0
github.com/mosesgameli/ztvs/internal/pluginhost/registry.go:113.2,113.65 1 0
github.com/mosesgameli/ztvs/internal/pluginhost/registry.go:119.86,122.16 2 0
github.com/mosesgameli/ztvs/internal/pluginhost/registry.go:122.16,124.3 1 0
github.com/mosesgameli/ztvs/internal/pluginhost/registry.go:126.2,127.47 2 0
github.com/mosesgameli/ztvs/internal/pluginhost/registry.go:127.47,130.3 2 0
github.com/mosesgameli/ztvs/internal/pluginhost/registry.go:132.2,137.68 4 0
github.com/mosesgameli/ztvs/internal/pluginhost/registry.go:137.68,139.3 1 0
github.com/mosesgameli/ztvs/internal/pluginhost/registry.go:140.2,141.59 2 0
github.com/mosesgameli/ztvs/internal/pluginhost/registry.go:141.59,143.3 1 0
github.com/mosesgameli/ztvs/internal/pluginhost/registry.go:144.2,148.49 3 0
github.com/mosesgameli/ztvs/internal/pluginhost/registry.go:148.49,150.3 1 0
github.com/mosesgameli/ztvs/internal/pluginhost/registry.go:153.2,155.16 3 0
github.com/mosesgameli/ztvs/internal/pluginhost/registry.go:155.16,157.74 2 0
github.com/mosesgameli/ztvs/internal/pluginhost/registry.go:157.74,159.4 1 0
github.com/mosesgameli/ztvs/internal/pluginhost/registry.go:162.2,162.16 1 0
github.com/mosesgameli/ztvs/internal/pluginhost/registry.go:162.16,164.65 2 0
github.com/mosesgameli/ztvs/internal/pluginhost/registry.go:164.65,167.4 2 0
github.com/mosesgameli/ztvs/internal/pluginhost/registry.go:171.2,172.25 2 0
github.com/mosesgameli/ztvs/internal/pluginhost/registry.go:172.25,174.65 2 0
github.com/mosesgameli/ztvs/internal/pluginhost/registry.go:174.65,176.4 1 0
github.com/mosesgameli/ztvs/internal/pluginhost/registry.go:180.2,180.68 1 0
github.com/mosesgameli/ztvs/internal/pluginhost/registry.go:180.68,182.3 1 0
github.com/mosesgameli/ztvs/internal/pluginhost/registry.go:183.2,183.60 1 0
github.com/mosesgameli/ztvs/internal/pluginhost/registry.go:183.60,185.3 1 0
github.com/mosesgameli/ztvs/internal/pluginhost/registry.go:188.2,195.34 4 0
github.com/mosesgameli/ztvs/internal/pluginhost/registry.go:195.34,197.3 1 0
github.com/mosesgameli/ztvs/internal/pluginhost/registry.go:199.2,200.12 2 0
github.com/mosesgameli/ztvs/internal/pluginhost/registry.go:203.56,206.69 2 0
github.com/mosesgameli/ztvs/internal/pluginhost/registry.go:206.69,209.54 3 0
github.com/mosesgameli/ztvs/internal/pluginhost/registry.go:209.54,211.4 1 0
github.com/mosesgameli/ztvs/internal/pluginhost/registry.go:212.3,212.13 1 0
github.com/mosesgameli/ztvs/internal/pluginhost/registry.go:216.2,218.53 3 0
github.com/mosesgameli/ztvs/internal/pluginhost/registry.go:218.53,220.3 1 0
github.com/mosesgameli/ztvs/internal/pluginhost/registry.go:221.2,221.12 1 0
github.com/mosesgameli/ztvs/internal/pluginhost/registry.go:224.90,225.22 1 0
github.com/mosesgameli/ztvs/internal/pluginhost/registry.go:225.22,227.3 1 0
github.com/mosesgameli/ztvs/internal/pluginhost/registry.go:229.2,236.16 5 0
github.com/mosesgameli/ztvs/internal/pluginhost/registry.go:236.16,238.3 1 0
github.com/mosesgameli/ztvs/internal/pluginhost/registry.go:240.2,243.34 3 0
github.com/mosesgameli/ztvs/internal/pluginhost/registry.go:243.34,246.33 2 0
github.com/mosesgameli/ztvs/internal/pluginhost/registry.go:246.33,247.22 1 0
github.com/mosesgameli/ztvs/internal/pluginhost/registry.go:247.22,249.10 2 0
github.com/mosesgameli/ztvs/internal/pluginhost/registry.go:253.3,253.18 1 0
github.com/mosesgameli/ztvs/internal/pluginhost/registry.go:253.18,254.12 1 0
github.com/mosesgameli/ztvs/internal/pluginhost/registry.go:257.3,258.23 2 0
github.com/mosesgameli/ztvs/internal/pluginhost/registry.go:258.23,260.4 1 0
github.com/mosesgameli/ztvs/internal/pluginhost/registry.go:260.9,260.48 1 0
github.com/mosesgameli/ztvs/internal/pluginhost/registry.go:260.48,262.4 1 0
github.com/mosesgameli/ztvs/internal/pluginhost/registry.go:264.3,264.18 1 0
github.com/mosesgameli/ztvs/internal/pluginhost/registry.go:264.18,266.71 2 0
github.com/mosesgameli/ztvs/internal/pluginhost/registry.go:266.71,268.5 1 0
github.com/mosesgameli/ztvs/internal/pluginhost/registry.go:272.2,272.12 1 0
github.com/mosesgameli/ztvs/internal/pluginhost/registry.go:275.123,281.64 5 0
github.com/mosesgameli/ztvs/internal/pluginhost/registry.go:281.64,283.3 1 0
github.com/mosesgameli/ztvs/internal/pluginhost/registry.go:286.2,288.59 3 0
github.com/mosesgameli/ztvs/internal/pluginhost/registry.go:288.59,290.3 1 0
github.com/mosesgameli/ztvs/internal/pluginhost/registry.go:291.2,294.49 3 0
github.com/mosesgameli/ztvs/internal/pluginhost/registry.go:294.49,296.3 1 0
github.com/mosesgameli/ztvs/internal/pluginhost/registry.go:299.2,301.16 3 0
github.com/mosesgameli/ztvs/internal/pluginhost/registry.go:301.16,303.74 2 0
github.com/mosesgameli/ztvs/internal/pluginhost/registry.go:303.74,305.4 1 0
github.com/mosesgameli/ztvs/internal/pluginhost/registry.go:308.2,308.16 1 0
github.com/mosesgameli/ztvs/internal/pluginhost/registry.go:308.16,310.59 2 0
github.com/mosesgameli/ztvs/internal/pluginhost/registry.go:310.59,312.4 1 0
github.com/mosesgameli/ztvs/internal/pluginhost/registry.go:316.2,317.25 2 0
github.com/mosesgameli/ztvs/internal/pluginhost/registry.go:317.25,319.65 2 0
github.com/mosesgameli/ztvs/internal/pluginhost/registry.go:319.65,321.4 1 0
github.com/mosesgameli/ztvs/internal/pluginhost/registry.go:328.2,331.45 3 0
github.com/mosesgameli/ztvs/internal/pluginhost/registry.go:331.45,332.53 1 0
github.com/mosesgameli/ztvs/internal/pluginhost/registry.go:332.53,334.4 1 0
github.com/mosesgameli/ztvs/internal/pluginhost/registry.go:337.2,337.58 1 0
github.com/mosesgameli/ztvs/internal/pluginhost/registry.go:337.58,341.3 2 0
github.com/mosesgameli/ztvs/internal/pluginhost/registry.go:342.2,351.18 4 0
github.com/mosesgameli/ztvs/internal/pluginhost/registry.go:354.54,356.16 2 1
github.com/mosesgameli/ztvs/internal/pluginhost/registry.go:356.16,358.3 1 0
github.com/mosesgameli/ztvs/internal/pluginhost/registry.go:359.2,362.16 3 1
github.com/mosesgameli/ztvs/internal/pluginhost/registry.go:362.16,364.3 1 0
github.com/mosesgameli/ztvs/internal/pluginhost/registry.go:365.2,368.12 3 1
github.com/mosesgameli/ztvs/internal/pluginhost/registry.go:373.49,376.29 3 0
github.com/mosesgameli/ztvs/internal/pluginhost/registry.go:376.29,378.28 2 0
github.com/mosesgameli/ztvs/internal/pluginhost/registry.go:378.28,380.12 2 0
github.com/mosesgameli/ztvs/internal/pluginhost/registry.go:382.3,382.16 1 0
github.com/mosesgameli/ztvs/internal/pluginhost/registry.go:382.16,383.43 1 0
github.com/mosesgameli/ztvs/internal/pluginhost/registry.go:383.43,385.5 1 0
github.com/mosesgameli/ztvs/internal/pluginhost/registry.go:387.4,387.58 1 0
github.com/mosesgameli/ztvs/internal/pluginhost/registry.go:387.58,388.10 1 0
github.com/mosesgameli/ztvs/internal/pluginhost/registry.go:392.2,392.11 1 0
github.com/mosesgameli/ztvs/internal/pluginhost/runner.go:33.42,37.2 1 1
github.com/mosesgameli/ztvs/internal/pluginhost/runner.go:39.50,41.2 1 1
github.com/mosesgameli/ztvs/internal/pluginhost/runner.go:43.72,44.35 1 1
github.com/mosesgameli/ztvs/internal/pluginhost/runner.go:44.35,45.35 1 1
github.com/mosesgameli/ztvs/internal/pluginhost/runner.go:45.35,47.4 1 1
github.com/mosesgameli/ztvs/internal/pluginhost/runner.go:49.2,49.77 1 1
github.com/mosesgameli/ztvs/internal/pluginhost/runners_impl.go:27.38,27.57 1 0
github.com/mosesgameli/ztvs/internal/pluginhost/runners_impl.go:28.58,30.2 1 1
github.com/mosesgameli/ztvs/internal/pluginhost/runners_impl.go:32.58,34.16 2 1
github.com/mosesgameli/ztvs/internal/pluginhost/runners_impl.go:34.16,36.3 1 0
github.com/mosesgameli/ztvs/internal/pluginhost/runners_impl.go:37.2,37.18 1 1
github.com/mosesgameli/ztvs/internal/pluginhost/runners_impl.go:37.18,39.3 1 0
github.com/mosesgameli/ztvs/internal/pluginhost/runners_impl.go:41.2,41.27 1 1
github.com/mosesgameli/ztvs/internal/pluginhost/runners_impl.go:41.27,43.3 1 0
github.com/mosesgameli/ztvs/internal/pluginhost/runners_impl.go:44.2,44.12 1 1
github.com/mosesgameli/ztvs/internal/pluginhost/runners_impl.go:47.102,55.2 4 0
github.com/mosesgameli/ztvs/internal/pluginhost/runners_impl.go:60.38,60.62 1 0
github.com/mosesgameli/ztvs/internal/pluginhost/runners_impl.go:61.58,63.2 1 1
github.com/mosesgameli/ztvs/internal/pluginhost/runners_impl.go:65.58,66.47 1 0
github.com/mosesgameli/ztvs/internal/pluginhost/runners_impl.go:66.47,68.3 1 0
github.com/mosesgameli/ztvs/internal/pluginhost/runners_impl.go:70.2,70.47 1 0
github.com/mosesgameli/ztvs/internal/pluginhost/runners_impl.go:70.47,72.3 1 0
github.com/mosesgameli/ztvs/internal/pluginhost/runners_impl.go:73.2,73.12 1 0
github.com/mosesgameli/ztvs/internal/pluginhost/runners_impl.go:76.102,79.6 2 0
github.com/mosesgameli/ztvs/internal/pluginhost/runners_impl.go:79.6,80.78 1 0
github.com/mosesgameli/ztvs/internal/pluginhost/runners_impl.go:80.78,81.9 1 0
github.com/mosesgameli/ztvs/internal/pluginhost/runners_impl.go:83.3,84.27 2 0
github.com/mosesgameli/ztvs/internal/pluginhost/runners_impl.go:84.27,86.4 1 0
github.com/mosesgameli/ztvs/internal/pluginhost/runners_impl.go:87.3,87.22 1 0
github.com/mosesgameli/ztvs/internal/pluginhost/runners_impl.go:92.2,100.29 6 0
github.com/mosesgameli/ztvs/internal/pluginhost/runners_impl.go:106.36,106.56 1 0
github.com/mosesgameli/ztvs/internal/pluginhost/runners_impl.go:107.56,109.2 1 1
github.com/mosesgameli/ztvs/internal/pluginhost/runners_impl.go:111.56,112.47 1 0
github.com/mosesgameli/ztvs/internal/pluginhost/runners_impl.go:112.47,114.3 1 0
github.com/mosesgameli/ztvs/internal/pluginhost/runners_impl.go:116.2,116.49 1 0
github.com/mosesgameli/ztvs/internal/pluginhost/runners_impl.go:116.49,118.3 1 0
github.com/mosesgameli/ztvs/internal/pluginhost/runners_impl.go:119.2,119.12 1 0
github.com/mosesgameli/ztvs/internal/pluginhost/runners_impl.go:122.100,124.2 1 0
github.com/mosesgameli/ztvs/internal/pluginhost/runners_impl.go:129.36,129.53 1 0
github.com/mosesgameli/ztvs/internal/pluginhost/runners_impl.go:130.56,132.2 1 1
github.com/mosesgameli/ztvs/internal/pluginhost/runners_impl.go:134.56,137.2 1 0
github.com/mosesgameli/ztvs/internal/pluginhost/runners_impl.go:139.100,141.2 1 0
github.com/mosesgameli/ztvs/internal/pluginhost/sysprocattr_unix.go:22.36,26.2 1 0
github.com/mosesgameli/ztvs/internal/pluginhost/trust.go:38.59,40.18 2 1
github.com/mosesgameli/ztvs/internal/pluginhost/trust.go:40.18,42.3 1 1
github.com/mosesgameli/ztvs/internal/pluginhost/trust.go:44.2,45.16 2 0
github.com/mosesgameli/ztvs/internal/pluginhost/trust.go:45.16,47.3 1 0
github.com/mosesgameli/ztvs/internal/pluginhost/trust.go:49.2,50.9 2 0
github.com/mosesgameli/ztvs/internal/pluginhost/trust.go:50.9,52.3 1 0
github.com/mosesgameli/ztvs/internal/pluginhost/trust.go:54.2,55.59 2 0
github.com/mosesgameli/ztvs/internal/pluginhost/trust.go:55.59,57.3 1 0
github.com/mosesgameli/ztvs/internal/pluginhost/trust.go:59.2,60.49 2 0
github.com/mosesgameli/ztvs/internal/pluginhost/trust.go:60.49,62.3 1 0
github.com/mosesgameli/ztvs/internal/pluginhost/trust.go:64.2,64.12 1 0
github.com/mosesgameli/ztvs/internal/cli/agent.go:32.47,34.17 2 0
github.com/mosesgameli/ztvs/internal/cli/agent.go:34.17,37.4 2 0
github.com/mosesgameli/ztvs/internal/cli/agent.go:39.3,46.17 6 0
github.com/mosesgameli/ztvs/internal/cli/agent.go:46.17,49.4 2 0
github.com/mosesgameli/ztvs/internal/cli/agent.go:51.3,57.13 5 0
github.com/mosesgameli/ztvs/internal/cli/agent.go:57.13,61.4 3 0
github.com/mosesgameli/ztvs/internal/cli/agent.go:63.3,63.79 1 0
github.com/mosesgameli/ztvs/internal/cli/agent.go:63.79,66.4 2 0
github.com/mosesgameli/ztvs/internal/cli/agent.go:70.13,72.2 1 0
github.com/mosesgameli/ztvs/internal/cli/plugin.go:40.47,42.36 2 0
github.com/mosesgameli/ztvs/internal/cli/plugin.go:42.36,45.4 2 0
github.com/mosesgameli/ztvs/internal/cli/plugin.go:46.3,46.71 1 0
github.com/mosesgameli/ztvs/internal/cli/plugin.go:53.47,56.17 3 0
github.com/mosesgameli/ztvs/internal/cli/plugin.go:56.17,59.4 2 0
github.com/mosesgameli/ztvs/internal/cli/plugin.go:61.3,67.29 5 0
github.com/mosesgameli/ztvs/internal/cli/plugin.go:67.29,68.47 1 0
github.com/mosesgameli/ztvs/internal/cli/plugin.go:68.47,70.59 2 0
github.com/mosesgameli/ztvs/internal/cli/plugin.go:70.59,71.23 1 0
github.com/mosesgameli/ztvs/internal/cli/plugin.go:71.23,73.7 1 0
github.com/mosesgameli/ztvs/internal/cli/plugin.go:75.5,80.7 1 0
github.com/mosesgameli/ztvs/internal/cli/plugin.go:81.10,83.5 1 0
github.com/mosesgameli/ztvs/internal/cli/plugin.go:86.3,89.14 2 0
github.com/mosesgameli/ztvs/internal/cli/plugin.go:97.47,99.20 2 0
github.com/mosesgameli/ztvs/internal/cli/plugin.go:99.20,101.4 1 0
github.com/mosesgameli/ztvs/internal/cli/plugin.go:102.3,105.17 4 0
github.com/mosesgameli/ztvs/internal/cli/plugin.go:105.17,108.4 2 0
github.com/mosesgameli/ztvs/internal/cli/plugin.go:110.3,115.29 5 0
github.com/mosesgameli/ztvs/internal/cli/plugin.go:115.29,118.4 2 0
github.com/mosesgameli/ztvs/internal/cli/plugin.go:119.3,122.14 2 0
github.com/mosesgameli/ztvs/internal/cli/plugin.go:130.47,135.17 5 0
github.com/mosesgameli/ztvs/internal/cli/plugin.go:135.17,138.4 2 0
github.com/mosesgameli/ztvs/internal/cli/plugin.go:140.3,149.65 3 0
github.com/mosesgameli/ztvs/internal/cli/plugin.go:157.47,159.3 1 0
github.com/mosesgameli/ztvs/internal/cli/plugin.go:166.47,168.3 1 0
github.com/mosesgameli/ztvs/internal/cli/plugin.go:171.46,174.9 3 0
github.com/mosesgameli/ztvs/internal/cli/plugin.go:174.9,178.29 4 0
github.com/mosesgameli/ztvs/internal/cli/plugin.go:178.29,179.58 1 0
github.com/mosesgameli/ztvs/internal/cli/plugin.go:179.58,185.10 3 0
github.com/mosesgameli/ztvs/internal/cli/plugin.go:188.3,188.13 1 0
github.com/mosesgameli/ztvs/internal/cli/plugin.go:188.13,191.4 2 0
github.com/mosesgameli/ztvs/internal/cli/plugin.go:192.8,194.3 1 0
github.com/mosesgameli/ztvs/internal/cli/plugin.go:196.2,197.34 2 0
github.com/mosesgameli/ztvs/internal/cli/plugin.go:197.34,200.3 2 0
github.com/mosesgameli/ztvs/internal/cli/plugin.go:202.2,203.13 2 0
github.com/mosesgameli/ztvs/internal/cli/plugin.go:203.13,205.3 1 0
github.com/mosesgameli/ztvs/internal/cli/plugin.go:206.2,206.54 1 0
github.com/mosesgameli/ztvs/internal/cli/plugin.go:213.47,219.65 5 0
github.com/mosesgameli/ztvs/internal/cli/plugin.go:219.65,222.4 2 0
github.com/mosesgameli/ztvs/internal/cli/plugin.go:223.3,228.17 5 0
github.com/mosesgameli/ztvs/internal/cli/plugin.go:228.17,230.51 2 0
github.com/mosesgameli/ztvs/internal/cli/plugin.go:230.51,233.40 3 0
github.com/mosesgameli/ztvs/internal/cli/plugin.go:233.40,235.6 1 0
github.com/mosesgameli/ztvs/internal/cli/plugin.go:236.5,238.122 3 0
github.com/mosesgameli/ztvs/internal/cli/plugin.go:247.47,249.17 2 0
github.com/mosesgameli/ztvs/internal/cli/plugin.go:249.17,252.4 2 0
github.com/mosesgameli/ztvs/internal/cli/plugin.go:253.3,256.86 3 0
github.com/mosesgameli/ztvs/internal/cli/plugin.go:256.86,259.4 2 0
github.com/mosesgameli/ztvs/internal/cli/plugin.go:260.3,260.55 1 0
github.com/mosesgameli/ztvs/internal/cli/plugin.go:264.13,267.2 2 0
github.com/mosesgameli/ztvs/internal/cli/root.go:30.22,37.3 2 0
github.com/mosesgameli/ztvs/internal/cli/root.go:41.16,42.42 1 0
github.com/mosesgameli/ztvs/internal/cli/root.go:42.42,46.3 3 0
github.com/mosesgameli/ztvs/internal/cli/scan.go:30.47,32.17 2 0
github.com/mosesgameli/ztvs/internal/cli/scan.go:32.17,35.4 2 0
github.com/mosesgameli/ztvs/internal/cli/scan.go:37.3,38.21 2 0
github.com/mosesgameli/ztvs/internal/cli/scan.go:39.15,40.24 1 0
github.com/mosesgameli/ztvs/internal/cli/scan.go:41.16,42.25 1 0
github.com/mosesgameli/ztvs/internal/cli/scan.go:43.11,44.28 1 0
github.com/mosesgameli/ztvs/internal/cli/scan.go:47.3,52.36 4 0
github.com/mosesgameli/ztvs/internal/cli/scan.go:52.36,55.4 2 0
github.com/mosesgameli/ztvs/internal/cli/scan.go:59.13,62.2 2 0
github.com/mosesgameli/ztvs/cmd/zt/main.go:17.13,19.2 1 0
github.com/mosesgameli/ztvs/internal/report/json.go:33.30,41.2 1 0
github.com/mosesgameli/ztvs/internal/report/json.go:43.76,46.2 2 0
github.com/mosesgameli/ztvs/internal/report/json.go:48.38,52.2 3 0
github.com/mosesgameli/ztvs/internal/report/sarif.go:71.32,89.2 1 0
github.com/mosesgameli/ztvs/internal/report/sarif.go:91.77,93.66 2 0
github.com/mosesgameli/ztvs/internal/report/sarif.go:93.66,95.3 1 0
github.com/mosesgameli/ztvs/internal/report/sarif.go:95.8,95.39 1 0
github.com/mosesgameli/ztvs/internal/report/sarif.go:95.39,97.3 1 0
github.com/mosesgameli/ztvs/internal/report/sarif.go:99.2,108.55 2 0
github.com/mosesgameli/ztvs/internal/report/sarif.go:108.55,118.3 1 0
github.com/mosesgameli/ztvs/internal/report/sarif.go:120.2,120.69 1 0
github.com/mosesgameli/ztvs/internal/report/sarif.go:123.39,127.2 3 0
github.com/mosesgameli/ztvs/internal/report/terminal.go:27.38,31.2 1 0
github.com/mosesgameli/ztvs/internal/report/terminal.go:33.80,35.2 1 0
github.com/mosesgameli/ztvs/internal/report/terminal.go:37.42,38.26 1 0
github.com/mosesgameli/ztvs/internal/report/terminal.go:38.26,42.3 3 0
github.com/mosesgameli/ztvs/internal/report/terminal.go:44.2,48.43 4 0
github.com/mosesgameli/ztvs/internal/report/terminal.go:48.43,52.30 3 0
github.com/mosesgameli/ztvs/internal/report/terminal.go:52.30,59.15 5 0
github.com/mosesgameli/ztvs/internal/report/terminal.go:60.20,63.58 3 0
github.com/mosesgameli/ztvs/internal/report/terminal.go:64.16,67.51 3 0
github.com/mosesgameli/ztvs/internal/report/terminal.go:68.18,70.49 2 0
github.com/mosesgameli/ztvs/internal/report/terminal.go:71.12,73.47 2 0
github.com/mosesgameli/ztvs/internal/report/terminal.go:76.4,78.27 3 0
github.com/mosesgameli/ztvs/internal/report/terminal.go:78.27,80.5 1 0
github.com/mosesgameli/ztvs/internal/report/terminal.go:82.4,85.17 2 0
github.com/mosesgameli/ztvs/internal/report/terminal.go:90.2,100.19 4 0
github.com/mosesgameli/ztvs/internal/report/terminal.go:100.19,102.3 1 0
github.com/mosesgameli/ztvs/internal/report/terminal.go:102.8,102.22 1 0
github.com/mosesgameli/ztvs/internal/report/terminal.go:102.22,104.3 1 0
github.com/mosesgameli/ztvs/internal/report/terminal.go:106.2,110.12 2 0
github.com/mosesgameli/ztvs/tools/manifest-sync/main.go:25.13,26.22 1 0
github.com/mosesgameli/ztvs/tools/manifest-sync/main.go:26.22,29.3 2 0
github.com/mosesgameli/ztvs/tools/manifest-sync/main.go:31.2,33.22 3 0
github.com/mosesgameli/ztvs/tools/manifest-sync/main.go:33.22,35.3 1 0
github.com/mosesgameli/ztvs/tools/manifest-sync/main.go:36.2,42.16 5 0
github.com/mosesgameli/ztvs/tools/manifest-sync/main.go:42.16,45.3 2 0
github.com/mosesgameli/ztvs/tools/manifest-sync/main.go:46.2,50.41 3 0
github.com/mosesgameli/ztvs/tools/manifest-sync/main.go:50.41,53.3 2 0
github.com/mosesgameli/ztvs/tools/manifest-sync/main.go:54.2,58.16 3 0
github.com/mosesgameli/ztvs/tools/manifest-sync/main.go:58.16,61.3 2 0
github.com/mosesgameli/ztvs/tools/manifest-sync/main.go:63.2,65.29 3 0
github.com/mosesgameli/ztvs/tools/manifest-sync/main.go:65.29,66.43 1 0
github.com/mosesgameli/ztvs/tools/manifest-sync/main.go:66.43,69.9 3 0
github.com/mosesgameli/ztvs/tools/manifest-sync/main.go:73.2,73.12 1 0
github.com/mosesgameli/ztvs/tools/manifest-sync/main.go:73.12,75.3 1 0
github.com/mosesgameli/ztvs/tools/manifest-sync/main.go:77.2,77.92 1 0
github.com/mosesgameli/ztvs/tools/manifest-sync/main.go:77.92,80.3 2 0
github.com/mosesgameli/ztvs/tools/manifest-sync/main.go:82.2,82.69 1 0
github.com/mosesgameli/ztvs/internal/config/config.go:42.25,45.2 2 0
github.com/mosesgameli/ztvs/internal/config/config.go:47.30,51.55 2 0
github.com/mosesgameli/ztvs/internal/config/config.go:51.55,53.3 1 0
github.com/mosesgameli/ztvs/internal/config/config.go:56.2,57.16 2 0
github.com/mosesgameli/ztvs/internal/config/config.go:57.16,59.3 1 0
github.com/mosesgameli/ztvs/internal/config/config.go:61.2,62.51 2 0
github.com/mosesgameli/ztvs/internal/config/config.go:62.51,64.3 1 0
github.com/mosesgameli/ztvs/internal/config/config.go:66.2,66.18 1 0
github.com/mosesgameli/ztvs/internal/config/config.go:69.30,82.2 1 0
github.com/mosesgameli/ztvs/internal/config/config.go:84.31,86.53 2 0
github.com/mosesgameli/ztvs/internal/config/config.go:86.53,88.3 1 0
github.com/mosesgameli/ztvs/internal/config/config.go:90.2,92.16 3 0
github.com/mosesgameli/ztvs/internal/config/config.go:92.16,94.3 1 0
github.com/mosesgameli/ztvs/internal/config/config.go:96.2,96.45 1 0
github.com/mosesgameli/ztvs/test/fixtures/go-fixture/main.go:22.33,22.59 1 0
github.com/mosesgameli/ztvs/test/fixtures/go-fixture/main.go:23.33,23.62 1 0
github.com/mosesgameli/ztvs/test/fixtures/go-fixture/main.go:25.66,32.2 1 0
github.com/mosesgameli/ztvs/test/fixtures/go-fixture/main.go:34.13,40.2 1 0
