mode: set
github.com/mosesgameli/ztvs/internal/engine/engine.go:44.107,53.2 1 1
github.com/mosesgameli/ztvs/internal/engine/engine.go:55.77,62.33 4 1
github.com/mosesgameli/ztvs/internal/engine/engine.go:62.33,64.3 1 0
github.com/mosesgameli/ztvs/internal/engine/engine.go:66.2,66.6 1 1
github.com/mosesgameli/ztvs/internal/engine/engine.go:66.6,67.10 1 1
github.com/mosesgameli/ztvs/internal/engine/engine.go:68.21,69.20 1 1
github.com/mosesgameli/ztvs/internal/engine/engine.go:70.19,72.35 2 1
github.com/mosesgameli/ztvs/internal/engine/engine.go:72.35,74.5 1 0
github.com/mosesgameli/ztvs/internal/engine/engine.go:79.31,83.19 3 1
github.com/mosesgameli/ztvs/internal/engine/engine.go:83.19,85.3 1 1
github.com/mosesgameli/ztvs/internal/engine/engine.go:88.2,89.78 2 1
github.com/mosesgameli/ztvs/internal/engine/engine.go:89.78,90.21 1 0
github.com/mosesgameli/ztvs/internal/engine/engine.go:90.21,92.4 1 0
github.com/mosesgameli/ztvs/internal/engine/engine.go:96.2,96.20 1 1
github.com/mosesgameli/ztvs/internal/engine/engine.go:96.20,98.3 1 1
github.com/mosesgameli/ztvs/internal/engine/engine.go:99.2,100.16 2 1
github.com/mosesgameli/ztvs/internal/engine/engine.go:100.16,101.21 1 1
github.com/mosesgameli/ztvs/internal/engine/engine.go:101.21,103.4 1 1
github.com/mosesgameli/ztvs/internal/engine/engine.go:104.3,104.42 1 1
github.com/mosesgameli/ztvs/internal/engine/engine.go:108.2,112.20 3 1
github.com/mosesgameli/ztvs/internal/engine/engine.go:112.20,114.3 1 1
github.com/mosesgameli/ztvs/internal/engine/engine.go:116.2,116.28 1 1
github.com/mosesgameli/ztvs/internal/engine/engine.go:116.28,118.24 2 1
github.com/mosesgameli/ztvs/internal/engine/engine.go:118.24,120.22 2 1
github.com/mosesgameli/ztvs/internal/engine/engine.go:120.22,121.53 1 1
github.com/mosesgameli/ztvs/internal/engine/engine.go:121.53,123.6 1 1
github.com/mosesgameli/ztvs/internal/engine/engine.go:125.4,125.27 1 1
github.com/mosesgameli/ztvs/internal/engine/engine.go:129.2,131.20 2 1
github.com/mosesgameli/ztvs/internal/engine/engine.go:131.20,133.3 1 1
github.com/mosesgameli/ztvs/internal/engine/engine.go:135.2,135.27 1 1
github.com/mosesgameli/ztvs/internal/engine/engine.go:138.70,140.28 2 1
github.com/mosesgameli/ztvs/internal/engine/engine.go:140.28,142.35 2 1
github.com/mosesgameli/ztvs/internal/engine/engine.go:142.35,143.12 1 0
github.com/mosesgameli/ztvs/internal/engine/engine.go:146.3,147.10 2 1
github.com/mosesgameli/ztvs/internal/engine/engine.go:147.10,149.12 2 0
github.com/mosesgameli/ztvs/internal/engine/engine.go:152.3,152.87 1 1
github.com/mosesgameli/ztvs/internal/engine/engine.go:152.87,153.21 1 1
github.com/mosesgameli/ztvs/internal/engine/engine.go:153.21,161.45 6 1
github.com/mosesgameli/ztvs/internal/engine/engine.go:161.45,164.57 2 1
github.com/mosesgameli/ztvs/internal/engine/engine.go:164.57,165.19 1 1
github.com/mosesgameli/ztvs/internal/engine/engine.go:165.19,167.8 1 0
github.com/mosesgameli/ztvs/internal/engine/engine.go:169.6,175.49 3 1
github.com/mosesgameli/ztvs/internal/engine/engine.go:175.49,177.15 2 1
github.com/mosesgameli/ztvs/internal/engine/engine.go:181.6,185.14 4 1
github.com/mosesgameli/ztvs/internal/engine/engine.go:188.4,189.12 2 1
github.com/mosesgameli/ztvs/internal/engine/engine.go:192.3,192.31 1 1
github.com/mosesgameli/ztvs/internal/engine/engine.go:194.2,194.16 1 1
github.com/mosesgameli/ztvs/internal/engine/engine.go:197.60,201.84 2 1
github.com/mosesgameli/ztvs/internal/engine/engine.go:201.84,203.3 1 1
github.com/mosesgameli/ztvs/internal/engine/engine.go:206.2,207.16 2 1
github.com/mosesgameli/ztvs/internal/engine/engine.go:207.16,210.3 2 1
github.com/mosesgameli/ztvs/internal/engine/engine.go:212.2,212.26 1 1
github.com/mosesgameli/ztvs/internal/engine/engine.go:212.26,215.3 2 1
github.com/mosesgameli/ztvs/internal/engine/engine.go:218.2,218.47 1 1
github.com/mosesgameli/ztvs/internal/engine/engine.go:218.47,224.17 4 1
github.com/mosesgameli/ztvs/internal/engine/engine.go:224.17,226.12 2 1
github.com/mosesgameli/ztvs/internal/engine/engine.go:229.3,229.25 1 1
github.com/mosesgameli/ztvs/internal/engine/engine.go:229.25,233.4 3 1
